<?xml version="1.0" encoding="UTF-8"?>
<testng-results skipped="0" failed="0" total="1" passed="1">
  <reporter-output>
  </reporter-output>
  <suite name="Default suite" duration-ms="19091" started-at="2019-11-03T13:36:33Z" finished-at="2019-11-03T13:36:53Z">
    <groups>
    </groups>
    <test name="Default test" duration-ms="19091" started-at="2019-11-03T13:36:33Z" finished-at="2019-11-03T13:36:53Z">
      <class name="pomDemoTest.ClickOnsubmenuTest">
        <test-method status="PASS" signature="setup()[pri:0, instance:pomDemoTest.ClickOnsubmenuTest@1bce4f0a]" name="setup" is-config="true" duration-ms="18119" started-at="2019-11-03T19:06:33Z" finished-at="2019-11-03T19:06:52Z">
          <reporter-output>
          </reporter-output>
        </test-method> <!-- setup -->
        <test-method status="PASS" signature="clickonSubmenus()[pri:0, instance:pomDemoTest.ClickOnsubmenuTest@1bce4f0a]" name="clickonSubmenus" duration-ms="950" started-at="2019-11-03T19:06:52Z" finished-at="2019-11-03T19:06:53Z">
          <reporter-output>
          </reporter-output>
        </test-method> <!-- clickonSubmenus -->
      </class> <!-- pomDemoTest.ClickOnsubmenuTest -->
    </test> <!-- Default test -->
  </suite> <!-- Default suite -->
</testng-results>
