<?xml version="1.0" encoding="UTF-8"?>
<testng-results skipped="0" failed="0" total="1" passed="1">
  <reporter-output>
  </reporter-output>
  <suite name="Default suite" duration-ms="18904" started-at="2019-11-03T04:27:55Z" finished-at="2019-11-03T04:28:13Z">
    <groups>
    </groups>
    <test name="Default test" duration-ms="18904" started-at="2019-11-03T04:27:55Z" finished-at="2019-11-03T04:28:13Z">
      <class name="pomDemoTest.DropDownInPomTest">
        <test-method status="PASS" signature="setup()[pri:0, instance:pomDemoTest.DropDownInPomTest@1bce4f0a]" name="setup" is-config="true" duration-ms="17708" started-at="2019-11-03T09:57:55Z" finished-at="2019-11-03T09:58:12Z">
          <reporter-output>
          </reporter-output>
        </test-method> <!-- setup -->
        <test-method status="PASS" signature="slectFromDropDown()[pri:0, instance:pomDemoTest.DropDownInPomTest@1bce4f0a]" name="slectFromDropDown" duration-ms="1173" started-at="2019-11-03T09:58:12Z" finished-at="2019-11-03T09:58:13Z">
          <reporter-output>
          </reporter-output>
        </test-method> <!-- slectFromDropDown -->
      </class> <!-- pomDemoTest.DropDownInPomTest -->
    </test> <!-- Default test -->
  </suite> <!-- Default suite -->
</testng-results>
